<?xml version="1.0" encoding="UTF-8"?>
<!-- Generated by org.testng.reporters.JUnitReportReporter -->
<testsuite hostname="RameshCh" failures="0" tests="5" name="com.qa.opencart.testcases.HomePageTest" time="16.416" errors="0" timestamp="2024-05-14T17:33:35 MST" skipped="0">
  <testcase classname="com.qa.opencart.testcases.HomePageTest" name="verifyOpenCartLogoTest" time="0.324"/>
  <testcase classname="com.qa.opencart.testcases.HomePageTest" name="verifyOpenCartPageTitleTest" time="0.078"/>
  <testcase classname="com.qa.opencart.testcases.HomePageTest" name="verifyFeaturedCardsCountTest" time="0.089"/>
  <testcase classname="com.qa.opencart.testcases.HomePageTest" name="navigateToRegistrationPageTest" time="8.142"/>
  <testcase classname="com.qa.opencart.testcases.HomePageTest" name="navigateToLoginPageTest" time="7.783"/>
</testsuite> <!-- com.qa.opencart.testcases.HomePageTest -->
