<?xml version="1.0" encoding="UTF-8"?>
<!-- Generated by org.testng.reporters.JUnitReportReporter -->
<testsuite hostname="RameshCh" failures="0" tests="5" name="com.qa.opencart.testcases.RegistrationPageTest" time="206.922" errors="0" timestamp="2024-05-14T17:33:35 MST" skipped="0">
  <testcase classname="com.qa.opencart.testcases.RegistrationPageTest" name="RegisterAccountTest" time="42.087"/>
  <testcase classname="com.qa.opencart.testcases.RegistrationPageTest" name="registerAccountWithExcelDataTest" time="41.171"/>
  <testcase classname="com.qa.opencart.testcases.RegistrationPageTest" name="registerAccountWithExcelDataTest" time="41.178"/>
  <testcase classname="com.qa.opencart.testcases.RegistrationPageTest" name="registerAccountWithExcelDataTest" time="41.107"/>
  <testcase classname="com.qa.opencart.testcases.RegistrationPageTest" name="registerAccountWithExcelDataTest" time="41.379"/>
</testsuite> <!-- com.qa.opencart.testcases.RegistrationPageTest -->
