<?xml version="1.0" encoding="UTF-8"?>
<!-- Generated by org.testng.reporters.JUnitReportReporter -->
<testsuite hostname="RameshCh" failures="0" tests="3" name="com.qa.opencart.testcases.MyAccountPageTest" time="55.134" errors="0" timestamp="2024-05-14T17:45:06 MST" skipped="0">
  <testcase classname="com.qa.opencart.testcases.MyAccountPageTest" name="performProductSearchTest" time="18.207"/>
  <testcase classname="com.qa.opencart.testcases.MyAccountPageTest" name="performProductSearchTest" time="18.349"/>
  <testcase classname="com.qa.opencart.testcases.MyAccountPageTest" name="performProductSearchTest" time="18.578"/>
</testsuite> <!-- com.qa.opencart.testcases.MyAccountPageTest -->
