<?xml version="1.0" encoding="UTF-8"?>
<!-- Generated by org.testng.reporters.JUnitReportReporter -->
<testsuite hostname="RameshCh" failures="0" tests="8" name="com.qa.opencart.testcases.LoginPageTest" time="36.350" errors="0" timestamp="2024-05-14T17:33:35 MST" skipped="0">
  <testcase classname="com.qa.opencart.testcases.LoginPageTest" name="verifyLoginPageUrlTest" time="0.072"/>
  <testcase classname="com.qa.opencart.testcases.LoginPageTest" name="verifyLoginPageTitleTest" time="0.024"/>
  <testcase classname="com.qa.opencart.testcases.LoginPageTest" name="verifyLoginPageElementsTest" time="0.232"/>
  <testcase classname="com.qa.opencart.testcases.LoginPageTest" name="navigateToRegistrationPageTest" time="5.538"/>
  <testcase classname="com.qa.opencart.testcases.LoginPageTest" name="navigateToForgotPasswordPageTest" time="5.390"/>
  <testcase classname="com.qa.opencart.testcases.LoginPageTest" name="emptyCredLoginTest" time="11.605"/>
  <testcase classname="com.qa.opencart.testcases.LoginPageTest" name="happypathLoginTest" time="7.806"/>
  <testcase classname="com.qa.opencart.testcases.LoginPageTest" name="logoutTest" time="5.683"/>
</testsuite> <!-- com.qa.opencart.testcases.LoginPageTest -->
